   1   1   1   0   0   0  Jan
   1   1  21   0   0   0  Jan
   1   1   1   0   0   0  Jan
   1   1  21   0   0   0  Jan
   1   1   1   0   0   0  Jan
   1   1  21   0   0   0  Jan
   1   1   1   0   0   0  Jan
   1   1  11   0   0   0  Jan
   1   1   1   0   0   0  Jan
   1   1  11   0   0   0  Jan
   1   1   1   0   0   0  Jan
   1   1  11   0   0   0  Jan
   1   1   1   0   0   0  Jan
   1   1  11   0   0   0  Jan
   1   1   1   0   0   0  Jan
   1   1  11   0   0   0  Jan
   1   1   1   0   0   0  Jan
   1   2  10   0   0   0  Feb
   1   1   1   0   0   0  Jan
   1   2  10   0   0   0  Feb
   1   1   1   0   0   0  Jan
   1   2  10   0   0   0  Feb
   1   1   1   0   0   0  Jan
   1   2  10   0   0   0  Feb
   1   1   1   0   0   0  Jan
   1   3   2   0   0   0  Mar
   1   1   1   0   0   0  Jan
   1   3   2   0   0   0  Mar
   1   1   1   0   0   0  Jan
   1   3   2   0   0   0  Mar
   1   1   1   0   0   0  Jan
   1   3   2   0   0   0  Mar
   1   1   1   0   0   0  Jan
   1   3   2   0   0   0  Mar
   1   1   1   0   0   0  Jan
   1   3   2   0   0   0  Mar
   1   1   1   0   0   0  Jan
   1   3   2   0   0   0  Mar
   1   1   1   0   0   0  Jan
   1   3   2   0   0   0  Mar
   1   1   1   0   0   0  Jan
   1   3   2   0   0   0  Mar
   1   1   1   0   0   0  Jan
   1   3   2   0   0   0  Mar
   1   1   1   0   0   0  Jan
   1   3   2   0   0   0  Mar
   1   1   1   0   0   0  Jan
   1   2  10   0   0   0  Feb
   1   1   1   0   0   0  Jan
   1   2  10   0   0   0  Feb
   1   1   1   0   0   0  Jan
   1   2  10   0   0   0  Feb
   1   1   1   0   0   0  Jan
   1   2  10   0   0   0  Feb
   1   1   1   0   0   0  Jan
   1   2  10   0   0   0  Feb
   1   1   1   0   0   0  Jan
   1   2  10   0   0   0  Feb
   1   1   1   0   0   0  Jan
   1   2  10   0   0   0  Feb
   1   1   1   0   0   0  Jan
   1   2  10   0   0   0  Feb
   1   1   1   0   0   0  Jan
   1   2  10   0   0   0  Feb
   1   1   1   0   0   0  Jan
   1   2  10   0   0   0  Feb
   1   1   1   0   0   0  Jan
   1   2  10   0   0   0  Feb
   1   1   1   0   0   0  Jan
   1   2  10   0   0   0  Feb
   1   1   1   0   0   0  Jan
   1   2  10   0   0   0  Feb
   1   1   1   0   0   0  Jan
   1   2  10   0   0   0  Feb
   1   1   1   0   0   0  Jan
   1   2  10   0   0   0  Feb
   1   1   1   0   0   0  Jan
   1   2  10   0   0   0  Feb
   1   1   1   0   0   0  Jan
   1   2  10   0   0   0  Feb
   1   1   1   0   0   0  Jan
   1   2  10   0   0   0  Feb
   1   1   1   0   0   0  Jan
   1   2  10   0   0   0  Feb
   1   1   1   0   0   0  Jan
   1   2  10   0   0   0  Feb
   1   1   1   0   0   0  Jan
   1   2  10   0   0   0  Feb
   1   1   1   0   0   0  Jan
   1   2  10   0   0   0  Feb
   1   1   1   0   0   0  Jan
   1   2  10   0   0   0  Feb
   1   1   1   0   0   0  Jan
   1   2  10   0   0   0  Feb
   1   1   1   0   0   0  Jan
   1   2  10   0   0   0  Feb
   1   1   1   0   0   0  Jan
   1   2  10   0   0   0  Feb
   1   1   1   0   0   0  Jan
   1   2  10   0   0   0  Feb
   1   1   1   0   0   0  Jan
   1   2  10   0   0   0  Feb
   1   1   1   0   0   0  Jan
   1   2  10   0   0   0  Feb
   1   1   1   0   0   0  Jan
   1   2  10   0   0   0  Feb
   1   1   1   0   0   0  Jan
   1   2  10   0   0   0  Feb
   1   1   1   0   0   0  Jan
   1   2  10   0   0   0  Feb
   1   1   1   0   0   0  Jan
   1   2  10   0   0   0  Feb
   1   1   1   0   0   0  Jan
   1   2  10   0   0   0  Feb
   1   1   1   0   0   0  Jan
   1   2  10   0   0   0  Feb
   1   1   1   0   0   0  Jan
   1   2  10   0   0   0  Feb
   1   1   1   0   0   0  Jan
   1   2  10   0   0   0  Feb
